Microsoft (R) Macro Assembler Version 5.10                  11/26/20 10:21:4
                                                             Page     1-1


 0000				AStack  SEGMENT STACK
 0000  0400[			    DB 1024 DUP(?)
	   ??			
			 ]	
				
 0400				AStack  ENDS
				
 0000				DATA    SEGMENT
 0000  0000			    KEEP_CS DW 0    ;–¥–ª—è —Ö—Ä–∞–Ω–µ–Ω–∏—è —Å
				–µ–≥–º–µ–Ω—Ç–∞
 0002  0000			    KEEP_IP DW 0    ;–∏ —Å–º–µ—â–µ–Ω–∏—è –≤–µ–∫
				—Ç–æ—Ä–∞ –ø—Ä–µ—Ä—ã–≤–∞–Ω–∏—è
 0004  0000			    KEEP_SS DW 0
 0006  0000			    KEEP_SP DW 0
 0008  0000			    KEEP_AX DW 0
 000A  000C[			    MAS DW 12 DUP(?)
	   ????			
			 ]	
				
 0022				DATA    ENDS
				
				
 0000				CODE    SEGMENT
				    ASSUME CS:CODE, DS:DATA, SS:AStack
				
				
 0000				MY_INT PROC FAR
 0000  89 26 0006 R		    MOV KEEP_SP, SP
 0004  A3 0008 R		    MOV KEEP_AX, AX
 0007  8C D0			    MOV AX, SS
 0009  A3 0004 R		    MOV KEEP_SS, AX
 000C  A1 0008 R		    MOV AX, KEEP_AX
 000F  BC 0000 R		    MOV SP, OFFSET MY_INT
 0012  B8 ---- R		    MOV AX, seg MAS
 0015  8E D0			    MOV SS, AX
				
				
 0017  50			    push AX
 0018  52			    push DX 
				 ;------ –ß–∞—Å—Ç—å –∫–æ–¥–∞ –≤—ã–≤–æ–¥—è—â–∞—è
				 –∑–≤—É–∫
 0019  B0 B6			    MOV AL , 10110110b
 001B  E6 43			    OUT 43H, AL; Set mode for 2nd channel
 001D  B8 03E8			    MOV AX , 1000; Pitch of sound
 0020  E6 42			    OUT 42H, AL
 0022  8A C4			    MOV AL , AH
 0024  E6 42			    OUT 42H, AL; Set it to speaker port
 0026  E4 61			    IN AL, 61H
 0028  8A E0			    MOV AH, AL
 002A  0C 03			    OR AL,3
 002C  E6 61			    OUT 61H, AL
 002E  2B C9			    SUB CX, CX
 0030				    KILL_TIME:
 0030  E2 FE			        LOOP KILL_TIME
Microsoft (R) Macro Assembler Version 5.10                  11/26/20 10:21:4
                                                             Page     1-2


 0032  8A C4			        MOV AL, AH
 0034  E6 61			        OUT 61H, AL
				 ;---------------------------------------------
 0036  5A			    pop DX 
 0037  58			    pop AX 
				
 0038  A3 0008 R		    MOV  KEEP_AX, AX
 003B  8B 26 0006 R		    MOV SP, KEEP_SP
 003F  A1 0004 R		    MOV AX, KEEP_SS
 0042  8E D0			    MOV SS, AX
 0044  A1 0008 R		    MOV AX, KEEP_AX
				
				
 0047  B0 20			    mov al,20h
 0049  E6 20			    out 20h,al
 004B  CF			    iret
 004C				MY_INT ENDP
				
				
 004C				MAIN PROC FAR
 004C  B8 ---- R		    MOV AX, DATA
 004F  8E D8			    MOV DS, AX
				    ;—Å–æ—Ö—Ä–∞–Ω—è–µ–º –≤–µ–∫—Ç–æ—Ä –ø—Ä–µ—Ä—ã
				–≤–∞–Ω–∏—è
 0051  B4 35			    MOV AH, 35H ; —Ñ—É–Ω–∫—Ü–∏—è –ø–æ–ª—É—á–µ–Ω
				–∏—è –≤–µ–∫—Ç–æ—Ä–∞
 0053  B0 23				MOV AL, 23H ; –Ω–æ–º–µ—Ä –≤–µ–∫—Ç–æ—Ä–∞
 0055  CD 21				INT 21H
 0057  89 1E 0002 R			MOV KEEP_IP, BX ; –∑–∞–ø–æ–º–∏–Ω–∞–Ω–∏–
				µ —Å–º–µ—â–µ–Ω–∏—è
 005B  8C 06 0000 R			MOV KEEP_CS, ES ; –∏ —Å–µ–≥–º–µ–Ω—Ç–∞ –
				≤–µ–∫—Ç–æ—Ä–∞ –ø—Ä–µ—Ä—ã–≤–∞–Ω–∏—è
				
 005F  1E			    PUSH DS
 0060  BA 0000 R		    MOV DX, OFFSET MY_INT ; —Å–º–µ—â–µ–Ω–∏–µ –¥
				–ª—è –ø—Ä–æ—Ü–µ–¥—É—Ä—ã –≤ DX
 0063  B8 ---- R		    MOV AX, SEG MY_INT ; —Å–µ–≥–º–µ–Ω—Ç –ø—Ä–æ—
				Ü–µ–¥—É—Ä—ã
 0066  8E D8			    MOV DS, AX; –ø–æ–º–µ—â–∞–µ–º –≤ DS
 0068  B4 25			    MOV AH, 25H; —Ñ—É–Ω–∫—Ü–∏—è —É—Å—Ç–∞–Ω–æ–≤–
				∫–∏ –≤–µ–∫—Ç–æ—Ä–∞
 006A  B0 23			    MOV AL, 23H; –Ω–æ–º–µ—Ä –≤–µ–∫—Ç–æ—Ä–∞
 006C  CD 21			    INT 21H; –º–µ–Ω—è–µ–º –ø—Ä–µ—Ä—ã–≤–∞–Ω–∏–µ
 006E  1F			    POP DS
				
 006F				enter_ctrl_c:
 006F  B4 00			    mov ah,0
 0071  CD 16			    int 16h
 0073  3C 03			    cmp al,3
 0075  75 F8			    jne enter_ctrl_c
				
 0077  CD 23			    INT 23H
				
 0079  FA			    CLI
Microsoft (R) Macro Assembler Version 5.10                  11/26/20 10:21:4
                                                             Page     1-3


 007A  1E			    PUSH DS
 007B  8B 16 0002 R		    MOV DX, KEEP_IP
 007F  A1 0000 R		    MOV AX, KEEP_CS
 0082  8E D8			    MOV DS, AX
 0084  B4 25			    MOV AH, 25H
 0086  B0 23			    MOV AL, 23H
 0088  CD 21			    INT 21H
				    ; –≤–æ—Å—Å—Ç–∞–Ω–∞–≤–ª–∏–≤–∞–µ–º —Å—Ç–∞—Ä—ã
				–π –≤–µ–∫—Ç–æ—Ä –ø—Ä–µ—Ä—ã–≤–∞–Ω–∏—è
 008A  1F			    POP DS
 008B  FB			    STI
				
 008C  B4 4C			    MOV AH, 4CH
 008E  CD 21			    INT 21H
				
 0090				MAIN ENDP
				
 0090				CODE ENDS
				
				END MAIN
Microsoft (R) Macro Assembler Version 5.10                  11/26/20 10:21:4
                                                             Symbols-1


Segments and Groups:

                N a m e         	Length	 Align	Combine Class

ASTACK . . . . . . . . . . . . .  	0400	PARA	STACK	
CODE . . . . . . . . . . . . . .  	0090	PARA	NONE	
DATA . . . . . . . . . . . . . .  	0022	PARA	NONE	

Symbols:            

                N a m e         	Type	 Value	 Attr

ENTER_CTRL_C . . . . . . . . . .  	L NEAR	006F	CODE

KEEP_AX  . . . . . . . . . . . .  	L WORD	0008	DATA
KEEP_CS  . . . . . . . . . . . .  	L WORD	0000	DATA
KEEP_IP  . . . . . . . . . . . .  	L WORD	0002	DATA
KEEP_SP  . . . . . . . . . . . .  	L WORD	0006	DATA
KEEP_SS  . . . . . . . . . . . .  	L WORD	0004	DATA
KILL_TIME  . . . . . . . . . . .  	L NEAR	0030	CODE

MAIN . . . . . . . . . . . . . .  	F PROC	004C	CODE	Length = 0044
MAS  . . . . . . . . . . . . . .  	L WORD	000A	DATA	Length = 000C
MY_INT . . . . . . . . . . . . .  	F PROC	0000	CODE	Length = 004C

@CPU . . . . . . . . . . . . . .  	TEXT  0101h		
@FILENAME  . . . . . . . . . . .  	TEXT  LAB5		
@VERSION . . . . . . . . . . . .  	TEXT  510		


    111 Source  Lines
    111 Total   Lines
     18 Symbols

  48004 + 459253 Bytes symbol space free

      0 Warning Errors
      0 Severe  Errors
