Microsoft (R) Macro Assembler Version 5.00                  11/4/20 17:51:03
                                                             Page     1-1


				dosseg 
				.model small 
 0400				.stack 400h 
 0000				.data 
 0000  0000			    KEEP_CS DW 0 	 ;–¥–ª—è —Ö—Ä–∞–Ω–µ–Ω–∏
				—è —Å–µ–≥–º–µ–Ω—Ç–∞ 
 0002  0000			    KEEP_IP DW 0 	 ;–¥–ª—è —Ö—Ä–∞–Ω–µ–Ω–∏
				—è —Å–º–µ—â–µ–Ω–∏—è –≤–µ–∫—Ç–æ—Ä–∞ –ø—Ä–µ—Ä—ã–≤
				–∞–Ω–∏—è 
 0004  43 6F 6E 74 72 6F 6C	    message db 'Control + c$' 
       20 2B 20 63 24		
 0000				.code 
 0000  B8 ---- R		    mov ax,@data 
 0003  8E D8			    mov ds,ax 
 0005  B4 35			    mov ah,35h   	 ;—Ñ—É–Ω–∫—Ü–∏—è –ø–æ–ª
				—É—á–µ–Ω–∏—è –≤–µ–∫—Ç–æ—Ä–∞ 
 0007  B0 23			    mov al,23h   	 ;–Ω–æ–º–µ—Ä –ø—Ä–µ—Ä—ã
				–≤–∞–Ω–∏—è 
 0009  CD 21			    int 21h      	 ;–ø–æ–ª—É—á–∞–µ–º –≤–µ
				–∫—Ç–æ—Ä  
 000B  8C 06 0000 R		    mov keep_cs,es 	 ;–∑–∞–ø–æ–º–∏–Ω–∞–Ω–∏–
				µ —Å–µ–≥–º–µ–Ω—Ç–∞ –≤–µ–∫—Ç–æ—Ä–∞ –ø—Ä–µ—Ä—ã–≤–
				∞–Ω–∏—è 
 000F  89 1E 0002 R		    mov keep_ip,bx 	 ;–∑–∞–ø–æ–º–∏–Ω–∞–Ω–∏–
				µ —Å–º–µ—â–µ–Ω–∏—è  
 0013  1E			    push ds	   	 ;—Å–æ—Ö—Ä–∞–Ω—è–µ–º ds
				 
 0014  B8 ---- R		    mov ax, seg MY_INT   ;—Å–µ–≥–º–µ–Ω—Ç –ø—Ä–æ
				—Ü–µ–¥—É—Ä—ã –ø–æ–º–µ—â–∞–µ–º –≤ ax 
 0017  8E D8			    mov ds,ax	         ;–ø–µ—Ä–µ–º–µ—â–∞–µ–º 
				–≤ ds 
 0019  BA 0026 R		    mov dx,offset MY_INT ;—Å–º–µ—â–µ–Ω–∏–µ –¥–ª
				—è –ø—Ä–æ—Ü–µ–¥—É—Ä—ã –ø–æ–º–µ—â–∞–µ–º –≤ dx 
 001C  B4 25			    mov ah,25h		 ;—Ñ—É–Ω–∫—Ü–∏—è —É—Å—Ç
				–∞–Ω–æ–≤–∫–∏ –≤–µ–∫—Ç–æ—Ä–∞ 
 001E  B0 23			    mov al,23h		 ;–Ω–æ–º–µ—Ä –ø—Ä–µ—Ä—ã
				–≤–∞–Ω–∏—è 
 0020  CD 21			    int 21h		 ;–º–µ–Ω—è–µ–º –ø—Ä–µ—Ä
				—ã–≤–∞–Ω–∏–µ 
 0022  1F			    pop ds 
 0023  EB 11 90			       jmp metka  
				    
 0026				    MY_INT proc far 
 0026  52			    push dx 
 0027  50			    push ax 
 0028  BA 0004 R		    mov dx,offset message	;—Å–º–µ—â–µ–Ω–∏
				–µ –¥–ª—è —Å–æ–æ–±—â–µ–Ω–∏—è  
 002B  B4 09			    mov ah,9h			;–Ω–æ–º–µ—Ä —Ñ—
				É–Ω–∫—Ü–∏–∏ 
 002D  CD 21			    int 21h			;–≤—ã–∑–æ–≤ –ø—
				Ä–µ—Ä—ã–≤–∞–Ω–∏—è 
 002F  B0 20			    mov al,20h			;>—Ä–∞–∑—Ä–µ—à–
				µ–Ω–∏–µ –æ–±—Ä–∞–±–æ—Ç–∫–∏ –ø—Ä–µ—Ä—ã–≤–∞–Ω–∏–π
				 
Microsoft (R) Macro Assembler Version 5.00                  11/4/20 17:51:03
                                                             Page     1-2


 0031  E6 20			    out 20h,al                  ;>–±–æ–ª–µ–µ –Ω
				–∏–∑–∫–æ–≥–æ —É—Ä–æ–≤–Ω—è 
 0033  58			    pop ax 
 0034  5A			    pop dx 
 0035  CF			    iret  
 0036				    MY_INT endp 
 0036				metka: 
				   ; int 23h 
 0036  1E			    push ds			 
 0037  8B 16 0002 R		    mov dx,keep_ip		;–≤–æ—Å—Å—Ç–∞–Ω
				–∞–≤–ª–∏–≤–∞–µ–º —Å–º–µ—â–µ–Ω–∏–µ –¥–ª—è –ø—Ä–µ
				—Ä—ã–≤–∞–Ω–∏—è 
 003B  A1 0000 R		    mov ax,keep_cs		;–≤–æ—Å—Å—Ç–∞–Ω
				–∞–≤–ª–∏–≤–∞–µ–º —Å–µ–≥–º–µ–Ω—Ç –ø—Ä–µ—Ä—ã–≤–∞–
				Ω–∏—è 
 003E  8E D8			    mov ds,ax			;–∑–∞–Ω–æ—Å–∏–º
				 –µ–≥–æ –≤ ds 
 0040  B4 25			    mov ah,25h			;—Ñ—É–Ω–∫—Ü–∏—è
				 —É—Å—Ç–∞–Ω–æ–≤–∫–∏ –≤–µ–∫—Ç–æ—Ä–∞ 
 0042  B0 23			    mov al,23h			;–Ω–æ–º–µ—Ä –ø—
				Ä–µ—Ä—ã–≤–∞–Ω–∏—è 
 0044  CD 21			    int 21h			;–º–µ–Ω—è–µ–º –
				ø—Ä–µ—Ä—ã–≤–∞–Ω–∏–µ 
 0046  1F			    pop ds			 
 0047  B4 4C			    mov ah,4ch 
 0049  CD 21			    int 21h 
 004B				end  
Microsoft (R) Macro Assembler Version 5.00                  11/4/20 17:51:03
                                                             Symbols-1


Segments and Groups:

                N a m e         	Length	 Align	Combine Class

DGROUP . . . . . . . . . . . . .  	GROUP
  _DATA  . . . . . . . . . . . .  	0010	WORD	PUBLIC	'DATA'
  STACK  . . . . . . . . . . . .  	0400	PARA	STACK	'STACK'
_TEXT  . . . . . . . . . . . . .  	004B	WORD	PUBLIC	'CODE'

Symbols:            

                N a m e         	Type	 Value	 Attr

KEEP_CS  . . . . . . . . . . . .  	L WORD	0000	_DATA
KEEP_IP  . . . . . . . . . . . .  	L WORD	0002	_DATA

MESSAGE  . . . . . . . . . . . .  	L BYTE	0004	_DATA
METKA  . . . . . . . . . . . . .  	L NEAR	0036	_TEXT
MY_INT . . . . . . . . . . . . .  	F PROC	0026	_TEXT	Length = 0010

@CODE  . . . . . . . . . . . . .  	TEXT  _TEXT		
@CODESIZE  . . . . . . . . . . .  	TEXT  0		
@DATASIZE  . . . . . . . . . . .  	TEXT  0		
@FILENAME  . . . . . . . . . . .  	TEXT  lb5		


     50 Source  Lines
     50 Total   Lines
     19 Symbols

  51182 + 465362 Bytes symbol space free

      0 Warning Errors
      0 Severe  Errors
