Microsoft (R) Macro Assembler Version 5.10                  1/29/21 17:03:13
                                                             Page     1-1


 = 0024				EOFLine  EQU  '$'         ; –û–ø—Ä–µ–¥–µ–ª–µ–Ω–
				∏–µ —Å–∏–º–≤–æ–ª—å–Ω–æ–π –∫–æ–Ω—Å—Ç–∞–Ω—Ç—ã
 = 0002				a  EQU 2
 = 0001				B  EQU 1
 = 0003				I  EQU 3
 = 0000				K  EQU 0                         ;     "–ö–æ–Ω–
				µ—Ü —Å—Ç—Ä–æ–∫–∏"
				
				
				; –°—Ç–µ–∫  –ø—Ä–æ–≥—Ä–∞–º–º—ã
				
 0000				AStack    SEGMENT  STACK
 0000  000C[			          DW 12 DUP(?)    ; –û—Ç–≤–æ–¥–∏—Ç—Å—è 
				12 —Å–ª–æ–≤ –ø–∞–º—è—Ç–∏
	   ????			
			 ]	
				
 0018				AStack    ENDS
				
				; –î–∞–Ω–Ω—ã–µ –ø—Ä–æ–≥—Ä–∞–º–º—ã
 0000				DATA      SEGMENT
				
				;  –î–∏—Ä–µ–∫—Ç–∏–≤—ã –æ–ø–∏—Å–∞–Ω–∏—è –¥–∞–Ω–Ω
				—ã—Ö
				
 0000  0000			F1 DW 0
 0002  0000			F2 DW 0
 0004  0000			F3 DW 0
 0006				DATA      ENDS
				
				; –ö–æ–¥ –ø—Ä–æ–≥—Ä–∞–º–º—ã
				
 0000				CODE      SEGMENT
				          ASSUME CS:CODE, DS:DATA, SS:AStack
				
				; –ì–æ–ª–æ–≤–Ω–∞—è –ø—Ä–æ—Ü–µ–¥—É—Ä–∞
 0000				Main      PROC  FAR
 0000  1E			          push  DS       ;\  –°–æ—Ö—Ä–∞–Ω–µ–Ω–∏
				–µ –∞–¥—Ä–µ—Å–∞ –Ω–∞—á–∞–ª–∞ PSP –≤ —Å—Ç–µ–∫–µ
 0001  2B C0			          sub   AX,AX    ; > –¥–ª—è –ø–æ—Å–ª–µ–
				¥—É—é—â–µ–≥–æ –≤–æ—Å—Å—Ç–∞–Ω–æ–≤–ª–µ–Ω–∏—è –ø–æ
 0003  50			          push  AX       ;/–∫–æ–º–∞–Ω–¥–µ ret, 
				–∑–∞–≤–µ—Ä—à–∞—é—â–µ–π –ø—Ä–æ—Ü–µ–¥—É—Ä—É  
				          
				          ;–∑–∞–ø–∏—Å—ã–≤–∞–µ–º —É—Å–ª–æ–≤–∏–µ 
				–¥–ª—è F1 
				          
 0004  B8 0002			          MOV AX,a       ; –ó–∞–Ω–æ—Å–∏–º –∑–Ω–
				∞—á–µ–Ω–∏–µ –∞
 0007  2D 0001			          SUB AX,b       ; –í—ã—á–∏—Ç–∞–µ–º –∏–
				∑ –∞ –∑–Ω–∞—á–µ–Ω–∏–µ b
 000A  3D 0000			          cmp ax,0       ; –°—Ä–∞–≤–Ω–∏–≤–∞–µ–º
				 –ø–æ–ª—É—á–µ–Ω–Ω–æ–µ –∞ —Å 0
 000D  7F 18			          Jg Metka1      ; –ü–µ—Ä–µ—Ö–æ–¥ –∫ –ú
Microsoft (R) Macro Assembler Version 5.10                  1/29/21 17:03:13
                                                             Page     1-2


				1, –µ—Å–ª–∏ –∞>0
 000F  B8 0003			          MOV AX,I       ; –ó–∞–Ω–æ—Å–∏–º –∑–Ω–
				∞—á–µ–Ω–∏–µ i 
 0012  D1 E0			          SHL AX,1       ; –°–¥–≤–∏–≥ –Ω–∞ 1–± 
				(—É–º–Ω–æ–∂–∞–µ–º –Ω–∞ 2)
 0014  BB 0003					  MOV BX,I
 0017  03 C3			          ADD AX,BX       ; 2*i + i = 3i
 0019  BB 0004			          Mov BX,4       ; 
 001C  03 C3			          ADD AX,BX      ; –°–ª–æ–∂–µ–Ω–∏–µ (3*
				i + 4)
 001E  A3 0000 R		          MOV F1,AX      ; –ü—Ä–∏—Å–≤–∞–∏–≤–∞–µ
				–º F1 –∑–Ω–∞—á–µ–Ω–∏–µ –ê—Ö   
 0021  39 06 0000 R		          CMP F1,AX    
 0025  74 0E			          JE Fun2  
 0027				   Metka1:               ;   
 0027  B8 0003			          mov AX,I       ;
 002A  D1 E0			          SHL AX,1       ; 2*i
 002C  BB 000F			          MOV BX,15
 002F  2B D8			          SUB BX,AX      ; 15 - 2*i
 0031  89 1E 0000 R		          MOV F1,BX      ; –ü—Ä–∏—Å–≤–∞–∏–≤–∞–µ
				–º F1 –∑–Ω–∞—á–µ–Ω–∏–µ B—Ö   
				          
				          
				
				          ; –∑–∞–ø–∏—Å—ã–≤–∞–µ–º —É—Å–ª–æ–≤–∏–µ
				 –¥–ª—è F2 
 0035				          Fun2:
 0035  7F 18			          JG Metka2      ; –ü–µ—Ä–µ—Ö–æ–¥ –∫ –ú
				1, –µ—Å–ª–∏ –∞>0
 0037  B8 0003			          mov AX,I       ; –ó–∞–Ω–æ—Å–∏–º –∑–Ω–
				∞—á–µ–Ω–∏–µ i 
 003A  D1 E0			          SHL AX,1       ; –°–¥–≤–∏–≥ –Ω–∞ 1–± 
				(—É–º–Ω–æ–∂–∞–µ–º –Ω–∞ 2)
 003C  BB 0003					  MOV BX,I
 003F  03 C3			          ADD AX,BX       ; 2*i + i = 3*i
 0041  BB 0006			          MOV BX,6
 0044  03 C3			          ADD AX,BX      ; 3*(i + 2) = 3*i + 6 
 0046  A3 0002 R		          MOV F2,Ax      ; –ü—Ä–∏—Å–≤–∞–∏–≤–∞–µ
				–º F2 –∑–Ω–∞—á–µ–Ω–∏–µ –ê—Ö 
 0049  39 06 0002 R		          CMP F2,Ax      ; –°—Ä–∞–≤–Ω–µ–Ω–∏–µ —
				Ä–µ–∑—É–ª—å—Ç–∞—Ç–∞
 004D  74 17			          JE  Fun3       ; –ü–µ—Ä–µ—Ö–æ–¥, –µ—Å
				–ª–∏ —Ä–∞–≤–Ω–æ 
 004F				  Metka2:                ;
 004F  B8 0003			          MOV AX,I       ;
 0052  D1 E0			          SHL AX,1       ; 2*i
 0054  D1 E0					  SHL AX,1       ; 2*i
 0056  BB 0003					  MOV BX,I
 0059  03 C3			          ADD AX,BX       ; 5*i
 005B  03 C3					  ADD AX,BX       ; 6*i
 005D  BB 0004					  MOV BX,4
 0060  2B D8			          SUB BX,AX      ; 4 - 6*i 
 0062  89 1E 0002 R		          MOV F2,BX      ; –ü—Ä–∏—Å–≤–∞–∏–≤–∞–µ
				–º F2 –∑–Ω–∞—á–µ–Ω–∏–µ –ê—Ö 
Microsoft (R) Macro Assembler Version 5.10                  1/29/21 17:03:13
                                                             Page     1-3


				          
				          ; –∑–∞–ø–∏—Å—ã–≤–∞–µ–º —É—Å–ª–æ–≤–∏–µ
				 –¥–ª—è F3 
				           
 0066				          Fun3: 
 0066  B8 0000			          MOV AX,K       ;
 0069  3D 0000			          CMP AX,0       ;
 006C  75 1C			          JNE Metka3     ; –ï—Å–ª–∏ –∫/=0, —Ç–æ
				 –ø–µ—Ä–µ—Ö–æ–¥
 006E  A1 0000 R		          mov AX,F1      ;
 0071  8B 1E 0002 R		          mov BX,F2      ; 
 0075  03 D8			          ADD BX,AX      ; i1 + i2
 0077  83 FB 00			          CMP BX,0       ; 
 007A  7F 09			          JG Metka4      ;
									
					 ; i1 + i2 <= 0
 007C  83 F3 FF			          xor BX, 0FFFFh ; –∏–Ω–≤–µ—Ä—Å–∏—è –≤—
				Å–µ—Ö –±–∏—Ç–æ–≤
 007F  43					  inc BX         ; –¥–æ–±–∞–≤–ª
				—è–µ–º 1               
 0080  89 1E 0004 R		          mov F3,BX      ;
 0084  CB					  RET            ;
 0085				   Metka4:               ; i1 + i2 > 0
 0085  89 1E 0004 R		          mov F3,BX		 ; –æ—Ç–≤–µ—Ç –
				∑–∞–ø–∏—Å—ã–≤–∞–µ–º –≤ F3
 0089  CB					  RET            ;
 008A				   Metka3:               ;
 008A  A1 0000 R		          MOV AX,F1      ;
 008D  8B 1E 0002 R		          MOV BX,F2      ; 
 0091  2B D8			          SUB BX,AX      ; 
 0093  83 FB 00			          CMP BX,0       ;
 0096  7F 04					  JG Metka5      ;
				          				 ; i2 <
				= i1
 0098  A3 0004 R				  MOV F3,AX 
 009B  CB			          ret 
 009C				Metka5:                  ;
 009C  8B 1E 0002 R		          MOV BX,F2      ; i2 > i1
 00A0  89 1E 0004 R		          MOV F3,BX      ;
 00A4  CB			          ret            ; –í—ã—Ö–æ–¥ –≤ DOS –ø
				–æ –∫–æ–º–∞–Ω–¥–µ,
				                         ; –Ω–∞—Ö–æ–¥—è—â–µ–π—Å
				—è –≤ 1-–æ–º —Å–ª–æ–≤–µ PSP.
 00A5				CODE      ENDS
 0000				Main      ENDP
				          END main
Microsoft (R) Macro Assembler Version 5.10                  1/29/21 17:03:13
                                                             Symbols-1


Segments and Groups:

                N a m e         	Length	 Align	Combine Class

ASTACK . . . . . . . . . . . . .  	0018	PARA	STACK	
CODE . . . . . . . . . . . . . .  	00A5	PARA	NONE	
DATA . . . . . . . . . . . . . .  	0006	PARA	NONE	

Symbols:            

                N a m e         	Type	 Value	 Attr

A  . . . . . . . . . . . . . . .  	NUMBER	0002	

B  . . . . . . . . . . . . . . .  	NUMBER	0001	

EOFLINE  . . . . . . . . . . . .  	NUMBER	0024	

F1 . . . . . . . . . . . . . . .  	L WORD	0000	DATA
F2 . . . . . . . . . . . . . . .  	L WORD	0002	DATA
F3 . . . . . . . . . . . . . . .  	L WORD	0004	DATA
FUN2 . . . . . . . . . . . . . .  	L NEAR	0035	CODE
FUN3 . . . . . . . . . . . . . .  	L NEAR	0066	CODE

I  . . . . . . . . . . . . . . .  	NUMBER	0003	

K  . . . . . . . . . . . . . . .  	NUMBER	0000	

MAIN . . . . . . . . . . . . . .  	F PROC	0000	CODE	Length = 0000
METKA1 . . . . . . . . . . . . .  	L NEAR	0027	CODE
METKA2 . . . . . . . . . . . . .  	L NEAR	004F	CODE
METKA3 . . . . . . . . . . . . .  	L NEAR	008A	CODE
METKA4 . . . . . . . . . . . . .  	L NEAR	0085	CODE
METKA5 . . . . . . . . . . . . .  	L NEAR	009C	CODE

@CPU . . . . . . . . . . . . . .  	TEXT  0101h		
@FILENAME  . . . . . . . . . . .  	TEXT  LR3		
@VERSION . . . . . . . . . . . .  	TEXT  510		


    117 Source  Lines
    117 Total   Lines
     24 Symbols

  48072 + 455091 Bytes symbol space free

      0 Warning Errors
      0 Severe  Errors
