Microsoft (R) Macro Assembler Version 5.10                  12/17/20 04:22:2
                                                             Page     1-1


 0000				AStack SEGMENT STACK
 0000  0400[			  DB 1024 DUP(?)
	   ??			
			 ]	
				
				
 0400				AStack ENDS
				
 0000				DATA SEGMENT
 0000  0000			  KEEP_CS DW 0 ;—Ö—Ä–∞–Ω–µ–Ω–∏–µ —Å–µ–≥–º–µ–Ω—Ç
				–∞
 0002  0000			  KEEP_IP DW 0 ;—Ö—Ä–∞–Ω–µ–Ω–∏–µ —Å–º–µ—â–µ–Ω–∏
				—è –ø—Ä–µ—Ä—ã–≤–∞–Ω–∏—è
				
 0004				DATA ENDS
				
 0000				CODE SEGMENT
				  ASSUME CS:CODE, DS:DATA, SS:AStack
				
				
 0000				SUBR_INT PROC FAR
 0000  50			    push ax	;—Å–æ—Ö—Ä–∞–Ω—è–µ–º –≤—Å–µ –∏–∑
				–º–µ–Ω—è–µ–º—ã–µ —Ä–µ–≥–∏—Å—Ç—Ä—ã
 0001  52			    push dx
				
				    ; –ø–æ–¥–∞—á–∞ –∑–≤—É–∫–æ–≤–æ–≥–æ —Å–∏–≥–Ω–
				∞–ª–∞
 0002				    Sound:
					; –£–ø—Ä–∞–≤–ª–µ–Ω–∏–µ –≤—ã—Å–æ—Ç–æ–π –
				∑–≤—É–∫–∞ –¥–∏–Ω–∞–º–∏–∫–∞ 
 0002  B0 B6			    MOV   AL, 10110110b     ; –ö–∞–Ω–∞–ª 2, —Ä–
				µ–∂–∏–º 2, –æ–±–∞ –±–∞–π—Ç–∞
 0004  E6 43			    OUT   43h, AL           ; –£—Å—Ç–∞–Ω–æ–≤–∫–
				∞ —Ä–µ–∂–∏–º–∞ –¥–ª—è 2-–≥–æ –∫–∞–Ω–∞–ª–∞ 
 0006  B8 012C			    MOV   AX, 300           ; –í—ã–±–æ—Ä –≤—ã—Å
				–æ—Ç—ã –∑–≤—É–∫–∞ 
 0009  E6 42			    OUT   42h, AL           ; –í–∫–ª—é—á–∏—Ç—å 
				—Ç–∞–π–º–µ—Ä, –∫–æ—Ç–æ—Ä—ã–π
				                                ; –±—É–¥–µ—Ç –≤
				—ã–¥–∞–≤–∞—Ç—å –∏–º–ø—É–ª—å—Å—ã –Ω–∞ 
				                                ; –¥–∏–Ω–∞–º–∏–
				∫ —Å –∑–∞–¥–∞–Ω–Ω–æ–π —á–∞—Å—Ç–æ—Ç–æ–π
 000B  8A C4			    MOV   AL, AH 
 000D  E6 42			    OUT   42h, AL           ; –ó–∞–Ω–µ—Å–µ–Ω–∏–
				µ –≤—ã—Å–æ—Ç—ã –∑–≤—É–∫–∞ –≤ –ø–æ—Ä—Ç –¥–∏–Ω–∞–
				º–∏–∫–∞ 
 000F  E4 61			    IN    AL, 61h           ; –ü–æ–ª—É—á–∏—Ç—å 
				—Å–æ—Å—Ç–æ—è–Ω–∏–µ –¥–∏–Ω–∞–º–∏–∫–∞
 0011  8A E0			    MOV   AH, AL            ; –ò —Å–æ—Ö—Ä–∞–Ω–∏
				—Ç—å –µ–≥–æ –≤ AH
 0013  0C 03			    OR    AL, 00000011b     ; –£—Å—Ç–∞–Ω–æ–≤–∏—
				Ç—å –¥–≤–∞ –º–ª–∞–¥—à–∏—Ö –±–∏—Ç–∞
 0015  E6 61			    OUT   61h, AL           ; –í–∫–ª—é—á–∏—Ç—å 
				–¥–∏–Ω–∞–º–∏–∫	
Microsoft (R) Macro Assembler Version 5.10                  12/17/20 04:22:2
                                                             Page     1-2


				
				
				    ; –≤—ã–∫–ª—é—á–∞–µ–º –∑–≤—É–∫
 0017				    Sound_OFF:
 0017  E2 FE			    loop Sound_OFF
 0019  B0 61			    mov al, 61h
 001B  E6 61			    out 61h, al
				
 001D  5A			    pop dx            ; –≤–æ—Å—Å—Ç–∞–Ω–∞–≤–ª–∏–
				≤–∞–µ–º —Ä–µ–≥–∏—Å—Ç—Ä—ã
 001E  58			    pop ax
 001F  B0 20			    mov al, 20h ; —Ä–∞–∑—Ä–µ—à–µ–Ω–∏–µ –æ–±—Ä–∞
				–±–æ—Ç–∫–∏ –ø—Ä–µ—Ä—ã–≤–∞–Ω–∏–π
 0021  E6 20			    out 20h, al ; –±–æ–ª–µ–µ –Ω–∏–∑–∫–æ–≥–æ —É—
				Ä–æ–≤–Ω—è
				
 0023  CF			    iret        ; –∫–æ–Ω–µ—Ü –ø—Ä–µ—Ä—ã–≤–∞–Ω–∏
				—è
 0024				  SUBR_INT ENDP
				
 0024				MAIN PROC FAR
 0024  B8 ---- R		  mov ax, DATA
 0027  8E D8			  mov ds, ax
				
 0029  B4 35			  mov ah, 35h           ; —Ñ-–∏—è –ø–æ–ª—É—á–µ–
				Ω–∏—è –≤–µ–∫—Ç–æ—Ä–∞
 002B  B0 1C			  mov al, 1Ch           ; –Ω–æ–º–µ—Ä –ø—Ä–µ—Ä—ã
				–≤–∞–Ω–∏—è
 002D  CD 21			  int 21h
				
 002F  89 1E 0002 R		  mov KEEP_IP, bx       ; –∑–∞–ø–æ–º–Ω–∏–ª–∏ —Å
				–º–µ—â–µ–Ω–∏–µ
 0033  8C 06 0000 R		  mov KEEP_CS, es       ; –∑–∞–ø–æ–º–Ω–∏–ª–∏ —Å
				–µ–≥–º–µ–Ω—Ç –≤–µ–∫—Ç–æ—Ä–∞ –ø—Ä–µ—Ä—ã–≤–∞–Ω–∏—
				è
				
 0037  1E			  push ds               ; —Å–æ—Ö—Ä–∞–Ω–∏–ª–∏ ds
				
 0038  B8 ---- R		  mov ax, seg SUBR_INT     ; —Å–µ–≥–º–µ–Ω—Ç –ø—
				Ä–æ—Ü–µ–¥—É—Ä—ã –≤ ax
 003B  BA 0000 R		  mov dx, offset SUBR_INT  ; —Å–º–µ—â–µ–Ω–∏–µ –
				ø—Ä–æ—Ü–µ–¥—É—Ä—ã
 003E  8E D8			  mov ds, ax
				
 0040  B4 25			  mov ah, 25h             ; —Ñ—É–Ω–∫—Ü–∏—è —É—Å
				—Ç–∞–Ω–æ–≤–∫–∏ –≤–µ–∫—Ç–æ—Ä–∞
 0042  B0 1C			  mov al, 1Ch             ; –Ω–æ–º–µ—Ä –≤–µ–∫—Ç
				–æ—Ä–∞
 0044  CD 21			  int 21h                 ; –∏–∑–º–µ–Ω–µ–Ω–∏–µ 
				–ø—Ä–µ—Ä—ã–≤–∞–Ω–∏—è
 0046  1F			  pop ds                  ; –≤–æ—Å—Å—Ç–∞–Ω–∞–≤–
				ª–∏–≤–∞–µ–º ds
				
				
Microsoft (R) Macro Assembler Version 5.10                  12/17/20 04:22:2
                                                             Page     1-3


 0047  CD 1C			  int 1Ch                ; –Ω–∞—à–µ –ø—Ä–µ—Ä—ã–
				≤–∞–Ω–∏—è
				
 0049  B9 000F				mov cx, 0Fh      ;–∑–∞–¥–µ—Ä–∂–∫–∞
 004C  BA 4240			    mov dx, 4240h    ;–¥–ª—è –∫–æ—Ä—Ä–µ–∫—Ç–Ω–æ
				–≥–æ
 004F  B4 86			    mov ah, 86h      ;–≤—ã–≤–æ–¥–∞ –∑–≤—É–∫–æ–≤
				–æ–≥–æ
 0051  CD 15			    int 15h          ;—Å–∏–≥–Ω–∞–ª–∞
				
				
 0053  FA			  CLI
 0054  1E			  push ds
				
 0055  8B 16 0002 R		  mov dx, KEEP_IP     ; –≤–æ—Å—Å—Ç–∞–Ω–æ–≤–∏–ª–
				∏ —Å–º–µ—â–µ–Ω–∏–µ –¥–ª—è –ø—Ä–µ—Ä—ã–≤–∞–Ω–∏—è
 0059  A1 0000 R		  mov ax, KEEP_CS     ; –≤–æ—Å—Å—Ç–∞–Ω–æ–≤–∏–ª–
				∏ —Å–µ–≥–º–µ–Ω—Ç –ø—Ä–µ—Ä—ã–≤–∞–Ω–∏—è
 005C  8E D8			  mov ds, ax
				
 005E  B4 25			  mov ah, 25h         ; —Ñ—É–Ω–∫—Ü–∏—è —É—Å—Ç–∞
				–Ω–æ–≤–∫–∏ –≤–µ–∫—Ç–æ—Ä–∞
 0060  B0 1C			  mov al, 1Ch         ; –Ω–æ–º–µ—Ä –Ω–∞—à–µ–≥–æ
				 –ø—Ä–µ—Ä—ã–≤–∞–Ω–∏—è
				
 0062  CD 21			  int 21h             ; –∏–∑–º–µ–Ω–∏–ª–∏ –ø—Ä–µ
				—Ä—ã–≤–∞–Ω–∏—è
 0064  1F			  pop ds
				
 0065  FB			  STI
				
 0066  B4 4C			  mov ah, 4ch
 0068  CD 21			  int 21h
				
 006A				MAIN ENDP
 006A				CODE ENDS
				END MAIN
Microsoft (R) Macro Assembler Version 5.10                  12/17/20 04:22:2
                                                             Symbols-1


Segments and Groups:

                N a m e         	Length	 Align	Combine Class

ASTACK . . . . . . . . . . . . .  	0400	PARA	STACK	
CODE . . . . . . . . . . . . . .  	006A	PARA	NONE	
DATA . . . . . . . . . . . . . .  	0004	PARA	NONE	

Symbols:            

                N a m e         	Type	 Value	 Attr

KEEP_CS  . . . . . . . . . . . .  	L WORD	0000	DATA
KEEP_IP  . . . . . . . . . . . .  	L WORD	0002	DATA

MAIN . . . . . . . . . . . . . .  	F PROC	0024	CODE	Length = 0046

SOUND  . . . . . . . . . . . . .  	L NEAR	0002	CODE
SOUND_OFF  . . . . . . . . . . .  	L NEAR	0017	CODE
SUBR_INT . . . . . . . . . . . .  	F PROC	0000	CODE	Length = 0024

@CPU . . . . . . . . . . . . . .  	TEXT  0101h		
@FILENAME  . . . . . . . . . . .  	TEXT  main		
@VERSION . . . . . . . . . . . .  	TEXT  510		


    102 Source  Lines
    102 Total   Lines
     14 Symbols

  48020 + 457190 Bytes symbol space free

      0 Warning Errors
      0 Severe  Errors
