Microsoft (R) Macro Assembler Version 5.10                  12/9/20 21:19:01
                                                             Page     1-1


 0000				AStack SEGMENT STACK
 0000  0100[				DB 256 DUP(?)
	   ??			
			 ]	
				
 0100				AStack ENDS 
				
				
 0000				DATA SEGMENT
 0000  0000				KEEP_CS DW 0 ; –¥–ª—è —Ö—Ä–∞–Ω–µ–Ω–∏—è 
				—Å–µ–≥–º–µ–Ω—Ç–∞
 0002  0000				KEEP_IP DW 0 ; –∏ —Å–º–µ—â–µ–Ω–∏—è –≤–µ
				–∫—Ç–æ—Ä–∞ –ø—Ä–µ—Ä—ã–≤–∞–Ω–∏—è
 0004  54 68 69 73 20 69		message DB 'This is user interruption$'
				 ;—Å—Ç—Ä–æ–∫–∞ –¥–ª—è —Å–æ–æ–±—â–µ–Ω–∏—è
       73 20 75 73 65 72	
       20 69 6E 74 65 72	
       72 75 70 74 69 6F	
       6E 24			
 001E				DATA ENDS
				
				
 0000				CODE SEGMENT
					ASSUME CS:CODE, DS:DATA, SS:AStack
				
				
				
 0000				interrupt proc far  ;–Ω–∞—á–∞–ª–æ –ø—Ä–æ—Ü–µ–¥—
				É—Ä—ã
 0000  50				push ax  ;—Å–æ—Ö—Ä–∞–Ω—è–µ–º –∏–∑–º–µ–Ω
				—è–µ–º—ã–µ —Ä–µ–≥–∏—Å—Ç—Ä—ã
 0001  52				push dx  ;—Å–æ—Ö—Ä–∞–Ω—è–µ–º –∏–∑–º–µ–Ω
				—è–µ–º—ã–µ —Ä–µ–≥–∏—Å—Ç—Ä—ã
				
 0002  BA 0004 R			mov dx, offset message  ;–≤ dx –ø–æ–º–µ
				—â–∞–µ–º –∞–¥—Ä–µ—Å message
 0005  B4 09				mov ah, 9h  ;—Ñ—É–Ω–∫—Ü–∏—è —É—Å—Ç–∞–Ω–
				æ–≤–∫–∏ –≤–µ–∫—Ç–æ—Ä–∞
 0007  CD 21				int 21h  ;–≤—ã–≤–æ–¥ message
				
 0009  5A				pop dx ;–≤–æ—Å—Å—Ç–∞–Ω–∞–≤–ª–∏–≤–∞–µ–º 
				—Ä–µ–≥–∏—Å—Ç—Ä—ã
 000A  58				pop ax ;–≤–æ—Å—Å—Ç–∞–Ω–∞–≤–ª–∏–≤–∞–µ–º 
				—Ä–µ–≥–∏—Å—Ç—Ä—ã
 000B  B0 20				mov al, 20h
 000D  E6 20				out 20h, al
				
 000F  CF				iret  ;–∫–æ–Ω–µ—Ü –ø—Ä–µ—Ä—ã–≤–∞–Ω–∏—è
 0010				interrupt endp  ;–∫–æ–Ω–µ—Ü –ø—Ä–æ—Ü–µ–¥—É—Ä—ã
				
				
 0010				main proc far
 0010  1E				push ds  ; —Å–æ—Ö—Ä–∞–Ω–µ–Ω–∏–µ –∞–¥—Ä–
				µ—Å–∞ –Ω–∞—á–∞–ª–∞ PSP –≤ —Å—Ç–µ–∫–µ –¥–ª—è –ø–
Microsoft (R) Macro Assembler Version 5.10                  12/9/20 21:19:01
                                                             Page     1-2


				æ—Å–ª–µ–¥—É—é—â–µ–≥–æ –≤–æ—Å—Å—Ç–∞–Ω–æ–≤–ª–µ–Ω–
				∏—è –ø–æ –∫–æ–º–∞–Ω–¥–µ ret
 0011  2B C0				sub ax,ax ;
 0013  50				push ax ;
 0014  B8 ---- R			mov ax,data ; –∑–∞–≥—Ä—É–∑–∫–∞ —Å–µ–≥–º
				–µ–Ω—Ç–Ω–æ–≥–æ —Ä–µ–≥–∏—Å—Ç—Ä–∞ –¥–∞–Ω–Ω—ã—Ö
 0017  8E D8				mov ds,ax
				
 0019  B4 35				mov  ah, 35h   ;—Ñ—É–Ω–∫—Ü–∏—è –ø–æ–ª—É
				—á–µ–Ω–∏—è –≤–µ–∫—Ç–æ—Ä–∞
 001B  B0 60				mov  al, 60h   ;–Ω–æ–º–µ—Ä –≤–µ–∫—Ç–æ—Ä
				–∞
 001D  CD 21				int  21h   ; –≤–æ–∑–≤—Ä–∞—â–µ–Ω–∏–µ —Ç–
				µ–∫—É—â–µ–≥–æ –∑–Ω–∞—á–µ–Ω–∏—è –≤–µ–∫—Ç–æ—Ä–∞ –
				ø—Ä–µ—Ä—ã–≤–∞–Ω–∏—è
 001F  89 1E 0002 R			mov  KEEP_IP, bx  ;–∑–∞–ø–æ–º–∏–Ω–∞–Ω–∏
				–µ —Å–º–µ—â–µ–Ω–∏—è
 0023  8C 06 0000 R			mov  KEEP_CS, es  ;–∏ —Å–µ–≥–º–µ–Ω—Ç–∞ 
				–≤–µ–∫—Ç–æ—Ä–∞ –ø—Ä–µ—Ä—ã–≤–∞–Ω–∏—è
				
 0027  1E				push ds
 0028  BA 0000 R			mov dx, offset interrupt  ;—Å–º–µ—â–µ–Ω
				–∏–µ –¥–ª—è –ø—Ä–æ—Ü–µ–¥—É—Ä—ã –≤ DX
 002B  B8 ---- R			mov ax, seg interrupt ;—Å–µ–≥–º–µ–Ω—Ç –
				ø—Ä–æ—Ü–µ–¥—É—Ä—ã
 002E  8E D8				mov ds, ax ;–ø–æ–º–µ—â–∞–µ–º –≤ ds
 0030  B4 25				mov ah, 25h ;—Ñ—É–Ω–∫—Ü–∏—è —É—Å—Ç–∞–Ω–
				æ–≤–∫–∏ –≤–µ–∫—Ç–æ—Ä–∞
 0032  B0 60				mov al, 60h ;–Ω–æ–º–µ—Ä –≤–µ–∫—Ç–æ—Ä–∞
 0034  CD 21				int 21h ;–º–µ–Ω—è–µ–º –ø—Ä–µ—Ä—ã–≤–∞–Ω–
				∏–µ
				
 0036  1F				pop ds ;–≤–æ—Å—Å—Ç–∞–Ω–∞–≤–ª–∏–≤–∞–µ–º 
				ds 
				
 0037  CD 60				int 60h ; –≤—ã–∑–æ–≤ –Ω–æ–≤–æ–≥–æ –ø—Ä–
				µ—Ä—ã–≤–∞–Ω–∏–µ
				
 0039  FA				cli
 003A  1E				push ds
 003B  8B 16 0002 R			mov dx, KEEP_IP
 003F  A1 0000 R			mov ax, KEEP_CS
 0042  8E D8				mov ds, ax
 0044  B4 25				mov ah, 25h
 0046  B0 60				mov al, 60h
 0048  CD 21				int 21h   ;–≤–æ—Å—Å—Ç–∞–Ω–∞–≤–ª–∏–≤–∞–µ
				–º —Å—Ç–∞—Ä—ã–π –≤–µ–∫—Ç–æ—Ä –ø—Ä–µ—Ä—ã–≤–∞–Ω–∏
				—è
 004A  1F				pop ds
 004B  FB				sti
				
 004C  CB				ret
				
				
Microsoft (R) Macro Assembler Version 5.10                  12/9/20 21:19:01
                                                             Page     1-3


 004D				MAIN ENDP
 004D				CODE ENDS
					END MAIN
Microsoft (R) Macro Assembler Version 5.10                  12/9/20 21:19:01
                                                             Symbols-1


Segments and Groups:

                N a m e         	Length	 Align	Combine Class

ASTACK . . . . . . . . . . . . .  	0100	PARA	STACK	
CODE . . . . . . . . . . . . . .  	004D	PARA	NONE	
DATA . . . . . . . . . . . . . .  	001E	PARA	NONE	

Symbols:            

                N a m e         	Type	 Value	 Attr

INTERRUPT  . . . . . . . . . . .  	F PROC	0000	CODE	Length = 0010

KEEP_CS  . . . . . . . . . . . .  	L WORD	0000	DATA
KEEP_IP  . . . . . . . . . . . .  	L WORD	0002	DATA

MAIN . . . . . . . . . . . . . .  	F PROC	0010	CODE	Length = 003D
MESSAGE  . . . . . . . . . . . .  	L BYTE	0004	DATA

@CPU . . . . . . . . . . . . . .  	TEXT  0101h		
@FILENAME  . . . . . . . . . . .  	TEXT  lab5		
@VERSION . . . . . . . . . . . .  	TEXT  510		


     76 Source  Lines
     76 Total   Lines
     13 Symbols

  48016 + 459244 Bytes symbol space free

      0 Warning Errors
      0 Severe  Errors
