Microsoft (R) Macro Assembler Version 5.10                  2/11/21 13:12:16
                                                             Page     1-1


 = 0024				EOF EQU '$'
				
 0000				AStack  SEGMENT STACK
 0000  0400[			    DB 1024 DUP(?)
	   ??			
			 ]	
				
 0400				AStack  ENDS
				
 0000				DATA    SEGMENT
 0000  0000			    KEEP_CS DW 0    ; –¥–ª—è —Ö—Ä–∞–Ω–µ–Ω–∏—è —
				Å–µ–≥–º–µ–Ω—Ç–∞ –≤–µ–∫—Ç–æ—Ä–∞ –ø—Ä–µ—Ä—ã–≤–∞–Ω
				–∏—è
 0002  0000			    KEEP_IP DW 0    ; –∏ —Å–º–µ—â–µ–Ω–∏—è –≤–µ–
				∫—Ç–æ—Ä–∞ –ø—Ä–µ—Ä—ã–≤–∞–Ω–∏—è
 0004  4C 72 35 20 24			string DB 'Lr5 ','$'
 0009				DATA    ENDS
				
 0000				CODE    SEGMENT
				    ASSUME CS:CODE, DS:DATA, SS:AStack
				
 0000				SUBR_INT PROC FAR
 0000  50				PUSH AX
 0001  52				PUSH DX
 0002  51				PUSH CX
					
 0003  B4 09				mov AH,09h			
					;(3)
 0005  BA 0004 R			mov DX,offset string	;(4)
 0008  CD 21				int 21h				
					;(5)
 000A  B9 0001				mov CX,1		;(1)–ß–∏—Å–ª–æ 
				—à–∞–≥–æ–≤ –≤ –¥–µ–º–æ-—Ü–∏–∫–ª–µ
 000D  51			cycle:	push CX			;(2)–°–æ—Ö—Ä–∞–
				Ω–∏–º —ç—Ç–æ—Ç —Å—á–µ—Ç—á–∏–∫ –≤ —Å—Ç–µ–∫–µ
					;–û—Ä–≥–∞–Ω–∏–∑—É–µ–º –ø—Ä–æ–≥—Ä–∞–º–º–
				Ω—É—é –∑–∞–¥–µ—Ä–∂–∫—É
 000E  B9 0032				mov CX,50		;(6)–°—á–µ—Ç—á–
				∏–∫ –≤–Ω–µ—à–Ω–µ–≥–æ —Ü–∏–∫–ª–∞
 0011  51			outer:	push CX			;(7)–°–æ—Ö—Ä–∞–
				Ω–∏–º –µ–≥–æ –≤ —Å—Ç–µ–∫–µ
 0012  B9 FFFF				mov CX,65535		;(8)–°—á–µ—Ç—á–
				∏–∫ –≤–Ω—É—Ç—Ä–µ–Ω–Ω–µ–≥–æ —Ü–∏–∫–ª–∞
 0015  E2 FE			inner:	loop inner		;(9)–ü–æ–≤—Ç–æ—
				Ä–∏–º –∫–æ–º–∞–Ω–¥—É loop 65535 —Ä–∞–∑
 0017  59				pop CX			;(10)–í–æ—Å—Å—Ç
				–∞–Ω–æ–≤–∏–º –≤–Ω–µ—à–Ω–∏–π —Å—á–µ—Ç—á–∏–∫
 0018  E2 F7				loop outer		;(11)–ü–æ–≤—Ç–æ
				—Ä–∏–º –≤—Å–µ —ç—Ç–æ 100 —Ä–∞–∑
 001A  59				pop CX			;(12)–í–æ—Å—Å—Ç
				–∞–Ω–æ–≤–∏–º —Å—á–µ—Ç—á–∏–∫ –¥–µ–º–æ-—Ü–∏–∫–ª–∞
 001B  E2 F0				loop cycle		;(13)–ü–æ–≤—Ç–æ
				—Ä–∏–º –¥–µ–º–æ-—Ü–∏–∫–ª CX=10 —Ä–∞–∑
					
Microsoft (R) Macro Assembler Version 5.10                  2/11/21 13:12:16
                                                             Page     1-2


				    
					
 001D  B0 20			    MOV AL, 20H
 001F  E6 20			    OUT 20H,AL
					
 0021  58			    POP AX
 0022  59			    POP CX
 0023  5A			    POP DX
 0024  CF			    IRET
 0025				SUBR_INT ENDP
				
 0025				MAIN PROC FAR
 0025  1E			    PUSH DS ; —Å–æ—Ö—Ä–∞–Ω–µ–Ω–∏–µ –∞–¥—Ä–µ—Å–∞
				 –Ω–∞—á–∞–ª–∞ PSP –≤ —Å—Ç–µ–∫–µ –¥–ª—è –ø–æ—Å–ª
				–µ–¥—É—é—â–µ–≥–æ –≤–æ—Å—Å—Ç–∞–Ω–æ–≤–ª–µ–Ω–∏—è –
				ø–æ –∫–æ–º–∞–Ω–¥–µ ret
 0026  B8 ---- R		    MOV AX, DATA ; –∑–∞–≥—Ä—É–∑–∫–∞ —Å–µ–≥–º–µ–
				Ω—Ç–Ω–æ–≥–æ —Ä–µ–≥–∏—Å—Ç—Ä–∞ –¥–∞–Ω–Ω—ã—Ö
 0029  8E D8			    MOV DS, AX
				    
 002B  B4 35			    MOV AH, 35H ; —Ñ—É–Ω–∫—Ü–∏—è –ø–æ–ª—É—á–µ–Ω
				–∏—è –≤–µ–∫—Ç–æ—Ä–∞
 002D  B0 1C			    MOV AL, 1CH ; –Ω–æ–º–µ—Ä –≤–µ–∫—Ç–æ—Ä–∞
 002F  CD 21			    INT 21H
 0031  89 1E 0002 R		    MOV KEEP_IP, BX ; –∑–∞–ø–æ–º–∏–Ω–∞–Ω–∏–µ —Å
				–º–µ—â–µ–Ω–∏—è
 0035  8C 06 0000 R		    MOV KEEP_CS, ES ; –∏ —Å–µ–≥–º–µ–Ω—Ç–∞ –≤–µ–
				∫—Ç–æ—Ä–∞ –ø—Ä–µ—Ä—ã–≤–∞–Ω–∏—è
				    
 0039  1E			    PUSH DS
 003A  BA 0000 R		    MOV DX, OFFSET SUBR_INT ; —Å–º–µ—â–µ–Ω–∏–µ 
				–¥–ª—è –ø—Ä–æ—Ü–µ–¥—É—Ä—ã –≤ DX
 003D  B8 ---- R		    MOV AX, SEG SUBR_INT ; —Å–µ–≥–º–µ–Ω—Ç –ø—Ä–
				æ—Ü–µ–¥—É—Ä—ã
 0040  8E D8			    MOV DS, AX ; –ø–æ–º–µ—â–∞–µ–º –≤ DS
 0042  B4 25			    MOV AH, 25H ; —Ñ—É–Ω–∫—Ü–∏—è —É—Å—Ç–∞–Ω–æ–≤
				–∫–∏ –≤–µ–∫—Ç–æ—Ä–∞
 0044  B0 1C			    MOV AL, 1CH ; –Ω–æ–º–µ—Ä –≤–µ–∫—Ç–æ—Ä–∞
 0046  CD 21			    INT 21H ; –º–µ–Ω—è–µ–º –ø—Ä–µ—Ä—ã–≤–∞–Ω–∏–µ
 0048  1F			    POP DS
				    
 0049					print:
 0049  B4 01				mov ah, 01h
 004B  CD 21				int 21h
 004D  3C 1B				cmp al, 1bh ;esc
 004F  75 F8				jne print
				
				
					
 0051  FA			    CLI
 0052  1E			    PUSH DS
 0053  8B 16 0002 R		    MOV DX, KEEP_IP
 0057  A1 0000 R		    MOV AX, KEEP_CS
 005A  8E D8			    MOV DS, AX
Microsoft (R) Macro Assembler Version 5.10                  2/11/21 13:12:16
                                                             Page     1-3


 005C  B4 25			    MOV AH, 25H
 005E  B0 1C			    MOV AL, 1CH
 0060  CD 21			    INT 21H ; –≤–æ—Å—Å—Ç–∞–Ω–∞–≤–ª–∏–≤–∞–µ–º —Å
				—Ç–∞—Ä—ã–π –≤–µ–∫—Ç–æ—Ä –ø—Ä–µ—Ä—ã–≤–∞–Ω–∏—è
 0062  1F			    POP DS
 0063  FB			    STI
				    
 0064  CB			    RET
 0065				MAIN ENDP
 0065				CODE ENDS
				END MAIN
Microsoft (R) Macro Assembler Version 5.10                  2/11/21 13:12:16
                                                             Symbols-1


Segments and Groups:

                N a m e         	Length	 Align	Combine Class

ASTACK . . . . . . . . . . . . .  	0400	PARA	STACK	
CODE . . . . . . . . . . . . . .  	0065	PARA	NONE	
DATA . . . . . . . . . . . . . .  	0009	PARA	NONE	

Symbols:            

                N a m e         	Type	 Value	 Attr

CYCLE  . . . . . . . . . . . . .  	L NEAR	000D	CODE

EOF  . . . . . . . . . . . . . .  	NUMBER	0024	

INNER  . . . . . . . . . . . . .  	L NEAR	0015	CODE

KEEP_CS  . . . . . . . . . . . .  	L WORD	0000	DATA
KEEP_IP  . . . . . . . . . . . .  	L WORD	0002	DATA

MAIN . . . . . . . . . . . . . .  	F PROC	0025	CODE	Length = 0040

OUTER  . . . . . . . . . . . . .  	L NEAR	0011	CODE

PRINT  . . . . . . . . . . . . .  	L NEAR	0049	CODE

STRING . . . . . . . . . . . . .  	L BYTE	0004	DATA
SUBR_INT . . . . . . . . . . . .  	F PROC	0000	CODE	Length = 0025

@CPU . . . . . . . . . . . . . .  	TEXT  0101h		
@FILENAME  . . . . . . . . . . .  	TEXT  lab5		
@VERSION . . . . . . . . . . . .  	TEXT  510		


     89 Source  Lines
     89 Total   Lines
     18 Symbols

  48016 + 459244 Bytes symbol space free

      0 Warning Errors
      0 Severe  Errors
