Microsoft (R) Macro Assembler Version 14.28.29335.0	    12/24/20 16:11:56
second.asm						     Page 1 - 1


				.586p
				.MODEL FLAT, C
 00000000			.CODE
				PUBLIC C second
 00000000			second PROC C array: dword, array_size: dword, xmin: dword, borders: dword, intN: dword, result: dword

 00000003  56			push esi
 00000004  57			push edi
 00000005  55			push ebp

 00000006  8B 7D 08		mov edi, array  
 00000009  8B 75 14		mov esi, borders  
 0000000C  8B 4D 18		mov ecx, intN  


 0000000F			for_borders:  
 0000000F  8B 06			mov eax, [esi]   
 00000011  2B 45 10			sub eax, xmin
 00000014  89 06			mov [esi], eax
 00000016  83 C6 04			add esi, 4
 00000019  E2 F4			loop for_borders


 0000001B  8B 75 14		mov esi, borders
 0000001E  8B 4D 18		mov ecx, intN
 00000021  BB 00000000		mov ebx, 0
 00000026  8B 06		mov eax, [esi]

 00000028			for_loop:
 00000028  51				push ecx  
 00000029  8B C8			mov ecx, eax 
 0000002B  56				push esi  
 0000002C  8B 75 1C			mov esi, result 

 0000002F			    for_array:
 0000002F  83 F9 00				cmp ecx, 0 
 00000032  74 0A				je end_for
 00000034  8B 07		        mov eax, [edi]
 00000036  01 04 9E		        add [esi + 4*ebx], eax
 00000039  83 C7 04		        add edi, 4
 0000003C  E2 F1		        loop for_array

 0000003E			end_for:
 0000003E  5E			    pop esi
 0000003F  43			    inc ebx 
 00000040  8B 06			mov eax, [esi]
 00000042  83 C6 04			add esi, 4
 00000045  2B 06			sub eax, [esi]
 00000047  F7 D8			neg eax  
 00000049  59				pop ecx
 0000004A  E2 DC			loop for_loop

 0000004C  8B 75 1C		mov esi, result
 0000004F  8B 4D 18		mov ecx, intN
 00000052  B8 00000000		mov eax, 0

 00000057			fin_for: 
 00000057  03 06			add eax, [esi]
 00000059  83 C6 04			add esi, 4
 0000005C  E2 F9			loop fin_for

 0000005E  8B 75 1C		mov esi, result
 00000061  2B 45 0C		sub eax, array_size
 00000064  F7 D8		neg eax

 00000066  01 04 9E		add [esi + 4*ebx], eax

 00000069  5D			pop ebp
 0000006A  5F			pop edi
 0000006B  5E			pop esi

				ret
 0000006E			second ENDP
				END
Microsoft (R) Macro Assembler Version 14.28.29335.0	    12/24/20 16:11:56
second.asm						     Symbols 2 - 1




Segments and Groups:

                N a m e                 Size     Length   Align   Combine Class

FLAT . . . . . . . . . . . . . .	GROUP
_DATA  . . . . . . . . . . . . .	32 Bit	 00000000 Para	  Public  'DATA'	
_TEXT  . . . . . . . . . . . . .	32 Bit	 0000006E Para	  Public  'CODE'	


Procedures, parameters, and locals:

                N a m e                 Type     Value    Attr

second . . . . . . . . . . . . .	P Near	 00000000 _TEXT	Length= 0000006E Public C
  array  . . . . . . . . . . . .	DWord	 bp + 00000008
  array_size . . . . . . . . . .	DWord	 bp + 0000000C
  xmin . . . . . . . . . . . . .	DWord	 bp + 00000010
  borders  . . . . . . . . . . .	DWord	 bp + 00000014
  intN . . . . . . . . . . . . .	DWord	 bp + 00000018
  result . . . . . . . . . . . .	DWord	 bp + 0000001C
  for_borders  . . . . . . . . .	L Near	 0000000F _TEXT	
  for_loop . . . . . . . . . . .	L Near	 00000028 _TEXT	
  for_array  . . . . . . . . . .	L Near	 0000002F _TEXT	
  end_for  . . . . . . . . . . .	L Near	 0000003E _TEXT	
  fin_for  . . . . . . . . . . .	L Near	 00000057 _TEXT	


Symbols:

                N a m e                 Type     Value    Attr

@CodeSize  . . . . . . . . . . .	Number	 00000000h   
@DataSize  . . . . . . . . . . .	Number	 00000000h   
@Interface . . . . . . . . . . .	Number	 00000001h   
@Model . . . . . . . . . . . . .	Number	 00000007h   
@code  . . . . . . . . . . . . .	Text   	 _TEXT
@data  . . . . . . . . . . . . .	Text   	 FLAT
@fardata?  . . . . . . . . . . .	Text   	 FLAT
@fardata . . . . . . . . . . . .	Text   	 FLAT
@stack . . . . . . . . . . . . .	Text   	 FLAT

	   0 Warnings
	   0 Errors
