Microsoft (R) Macro Assembler Version 14.27.29111.0	    12/24/20 13:33:16
second.asm						     Page 1 - 1


				.586p
				.MODEL flat, C
 00000000			.DATA
 00000000			.CODE

				PUBLIC C second
 00000000			second PROC C result: dword, lenresult: dword, leftborders: dword, nint: dword, minx: dword, maxx: dword, output: dword

 00000003  56			    push esi
 00000004  57			    push edi
 00000005  55			    push ebp

 00000006  8B 75 10		    mov esi, leftborders
 00000009  8B 4D 14		    mov ecx, nint 
 0000000C  B8 00000000		    mov eax, 0

 00000011			filoop:
 00000011  8B 06		    mov eax, [esi]
 00000013  2B 45 18		    sub eax, minx
 00000016  89 06		    mov [esi], eax
 00000018  BE 00000004		    mov esi, 4

 0000001D  E2 F2		loop filoop

 0000001F  8B 7D 08		mov edi, result
 00000022  8B 4D 14		mov ecx, nint
 00000025  8B 75 10		mov esi, leftborders
 00000028  2B DB		sub ebx, ebx
 0000002A  8B 06		mov eax, [esi]

 0000002C			sloop:

 0000002C  51			    push ecx
 0000002D  8B C8		    mov ecx, eax
 0000002F  56			    push esi
 00000030  8B 75 20		    mov esi, output 

 00000033			    tloop:

 00000033  8B 07		        mov eax, [edi]
 00000035  01 04 9E		        add [esi+4*ebx], eax
 00000038  83 C7 04		        add edi, 4
				        
 0000003B  E2 F6		    loop tloop

 0000003D  5E			    pop esi

 0000003E  8B 06		    mov eax, [esi]
 00000040  83 C6 04		    add esi, 4
 00000043  2B 06		    sub eax, [esi]
 00000045  F7 D8		    neg eax

 00000047  43			    inc ebx
 00000048  59			    pop ecx
 00000049  E2 E1		loop sloop

 0000004B  8B 75 20		mov esi, output 
 0000004E  8B 4D 14		mov ecx, nint
 00000051  2B C0		sub eax, eax

 00000053			foloop:

 00000053  03 06		    add eax, [esi]
 00000055  83 C6 04		    add esi, 4
				    
 00000058  E2 F9		loop foloop

 0000005A  8B 75 20		mov esi, output
 0000005D  2B 45 0C		sub eax, lenresult 
 00000060  F7 D8		neg eax
 00000062  01 04 9E		add [esi+4*ebx], eax

 00000065  5D			pop ebp
 00000066  5F			pop edi
 00000067  5E			pop esi

 00000068			second ENDP
second.asm(77) : warning A6001:no return from procedure
second.asm(77) : warning A6004:procedure argument or local not referenced : maxx
				END
Microsoft (R) Macro Assembler Version 14.27.29111.0	    12/24/20 13:33:16
second.asm						     Symbols 2 - 1




Segments and Groups:

                N a m e                 Size     Length   Align   Combine Class

FLAT . . . . . . . . . . . . . .	GROUP
_DATA  . . . . . . . . . . . . .	32 Bit	 00000000 Para	  Public  'DATA'	
_TEXT  . . . . . . . . . . . . .	32 Bit	 00000068 Para	  Public  'CODE'	


Procedures, parameters, and locals:

                N a m e                 Type     Value    Attr

second . . . . . . . . . . . . .	P Near	 00000000 _TEXT	Length= 00000068 Public C
  result . . . . . . . . . . . .	DWord	 bp + 00000008
  lenresult  . . . . . . . . . .	DWord	 bp + 0000000C
  leftborders  . . . . . . . . .	DWord	 bp + 00000010
  nint . . . . . . . . . . . . .	DWord	 bp + 00000014
  minx . . . . . . . . . . . . .	DWord	 bp + 00000018
  maxx . . . . . . . . . . . . .	DWord	 bp + 0000001C
  output . . . . . . . . . . . .	DWord	 bp + 00000020
  filoop . . . . . . . . . . . .	L Near	 00000011 _TEXT	
  sloop  . . . . . . . . . . . .	L Near	 0000002C _TEXT	
  tloop  . . . . . . . . . . . .	L Near	 00000033 _TEXT	
  foloop . . . . . . . . . . . .	L Near	 00000053 _TEXT	


Symbols:

                N a m e                 Type     Value    Attr

@CodeSize  . . . . . . . . . . .	Number	 00000000h   
@DataSize  . . . . . . . . . . .	Number	 00000000h   
@Interface . . . . . . . . . . .	Number	 00000001h   
@Model . . . . . . . . . . . . .	Number	 00000007h   
@code  . . . . . . . . . . . . .	Text   	 _TEXT
@data  . . . . . . . . . . . . .	Text   	 FLAT
@fardata?  . . . . . . . . . . .	Text   	 FLAT
@fardata . . . . . . . . . . . .	Text   	 FLAT
@stack . . . . . . . . . . . . .	Text   	 FLAT

	   2 Warnings
	   0 Errors
